2026-03-15 04:51:11.194 +05:00 [INF] User profile is available. Using 'C:\Users\diyor\AppData\Local\ASP.NET\DataProtection-Keys' as key repository and Windows DPAPI to encrypt keys at rest.
2026-03-15 04:51:12.049 +05:00 [INF] Now listening on: https://localhost:7222
2026-03-15 04:51:12.051 +05:00 [INF] Now listening on: http://localhost:5020
2026-03-15 04:51:12.133 +05:00 [INF] Application started. Press Ctrl+C to shut down.
2026-03-15 04:51:12.134 +05:00 [INF] Hosting environment: Development
2026-03-15 04:51:12.135 +05:00 [INF] Content root path: D:\@\Diyorbek\Coding\DotNet\UchinchiModul\StudentCoursePlatform\StudentCoursePlatform.Api
2026-03-15 04:51:13.673 +05:00 [INF] Executed DbCommand (86ms) [Parameters=[@cutoffDate='?' (DbType = DateTime)], CommandType='"Text"', CommandTimeout='30']
DELETE FROM "RefreshTokens" AS r
WHERE r."ExpireAt" < @cutoffDate AND r."IsRevoked"
2026-03-15 04:51:13.709 +05:00 [INF] Executed DbCommand (10ms) [Parameters=[], CommandType='"Text"', CommandTimeout='30']
DELETE FROM "BlacklistedTokens" AS b
WHERE b."ExpiresAt" < now()
2026-03-15 04:51:13.898 +05:00 [INF] Request starting HTTP/2 GET https://localhost:7222/swagger/index.html - null null
2026-03-15 04:51:14.248 +05:00 [INF] Request finished HTTP/2 GET https://localhost:7222/swagger/index.html - 304 null null 361.103ms
2026-03-15 04:51:14.285 +05:00 [INF] Request starting HTTP/2 GET https://localhost:7222/swagger/swagger-ui.css - null null
2026-03-15 04:51:14.286 +05:00 [INF] Request starting HTTP/2 GET https://localhost:7222/_framework/aspnetcore-browser-refresh.js - null null
2026-03-15 04:51:14.292 +05:00 [INF] Request starting HTTP/2 GET https://localhost:7222/swagger/swagger-ui-standalone-preset.js - null null
2026-03-15 04:51:14.286 +05:00 [INF] Request starting HTTP/2 GET https://localhost:7222/swagger/swagger-ui-bundle.js - null null
2026-03-15 04:51:14.292 +05:00 [INF] Request starting HTTP/2 GET https://localhost:7222/swagger/index.js - null null
2026-03-15 04:51:14.286 +05:00 [INF] Request starting HTTP/2 GET https://localhost:7222/swagger/index.css - null null
2026-03-15 04:51:14.332 +05:00 [INF] Request finished HTTP/2 GET https://localhost:7222/swagger/index.js - 304 null null 39.9579ms
2026-03-15 04:51:14.292 +05:00 [INF] Request starting HTTP/2 GET https://localhost:7222/_vs/browserLink - null null
2026-03-15 04:51:14.348 +05:00 [INF] Request finished HTTP/2 GET https://localhost:7222/_framework/aspnetcore-browser-refresh.js - 200 14955 application/javascript; charset=utf-8 61.9158ms
2026-03-15 04:51:14.365 +05:00 [INF] Request finished HTTP/2 GET https://localhost:7222/swagger/swagger-ui-standalone-preset.js - 304 null null 74.9412ms
2026-03-15 04:51:14.365 +05:00 [INF] Request finished HTTP/2 GET https://localhost:7222/swagger/swagger-ui-bundle.js - 304 null null 78.2802ms
2026-03-15 04:51:14.365 +05:00 [INF] Request finished HTTP/2 GET https://localhost:7222/swagger/index.css - 304 null null 78.3165ms
2026-03-15 04:51:14.365 +05:00 [INF] Request finished HTTP/2 GET https://localhost:7222/swagger/swagger-ui.css - 304 null null 79.7609ms
2026-03-15 04:51:14.416 +05:00 [INF] Request finished HTTP/2 GET https://localhost:7222/_vs/browserLink - 200 null text/javascript; charset=UTF-8 123.8141ms
2026-03-15 04:51:14.444 +05:00 [INF] Request starting HTTP/2 GET https://localhost:7222/swagger/v1/swagger.json - null null
2026-03-15 04:51:14.561 +05:00 [INF] Request finished HTTP/2 GET https://localhost:7222/swagger/v1/swagger.json - 200 null application/json;charset=utf-8 116.4102ms
