2026-03-13 18:19:16.557 +05:00 [INF] User profile is available. Using 'C:\Users\diyor\AppData\Local\ASP.NET\DataProtection-Keys' as key repository and Windows DPAPI to encrypt keys at rest.
2026-03-13 18:19:17.586 +05:00 [INF] Now listening on: https://localhost:7222
2026-03-13 18:19:17.588 +05:00 [INF] Now listening on: http://localhost:5020
2026-03-13 18:19:17.676 +05:00 [INF] Application started. Press Ctrl+C to shut down.
2026-03-13 18:19:17.677 +05:00 [INF] Hosting environment: Development
2026-03-13 18:19:17.678 +05:00 [INF] Content root path: D:\@\Diyorbek\Coding\DotNet\UchinchiModul\StudentCoursePlatform\StudentCoursePlatform.Api
2026-03-13 18:19:18.775 +05:00 [INF] Request starting HTTP/2 GET https://localhost:7222/swagger - null null
2026-03-13 18:19:19.021 +05:00 [INF] Request finished HTTP/2 GET https://localhost:7222/swagger - 301 null null 255.5797ms
2026-03-13 18:19:19.031 +05:00 [INF] Request starting HTTP/2 GET https://localhost:7222/swagger/index.html - null null
2026-03-13 18:19:19.136 +05:00 [INF] Request finished HTTP/2 GET https://localhost:7222/swagger/index.html - 200 null text/html;charset=utf-8 105.0015ms
2026-03-13 18:19:19.173 +05:00 [INF] Request starting HTTP/2 GET https://localhost:7222/swagger/swagger-ui.css - null null
2026-03-13 18:19:19.180 +05:00 [INF] Request starting HTTP/2 GET https://localhost:7222/swagger/index.css - null null
2026-03-13 18:19:19.185 +05:00 [INF] Request starting HTTP/2 GET https://localhost:7222/_framework/aspnetcore-browser-refresh.js - null null
2026-03-13 18:19:19.184 +05:00 [INF] Request starting HTTP/2 GET https://localhost:7222/swagger/swagger-ui-standalone-preset.js - null null
2026-03-13 18:19:19.181 +05:00 [INF] Request starting HTTP/2 GET https://localhost:7222/swagger/swagger-ui-bundle.js - null null
2026-03-13 18:19:19.185 +05:00 [INF] Request starting HTTP/2 GET https://localhost:7222/swagger/index.js - null null
2026-03-13 18:19:19.220 +05:00 [INF] Request starting HTTP/2 GET https://localhost:7222/_vs/browserLink - null null
2026-03-13 18:19:19.259 +05:00 [INF] Request finished HTTP/2 GET https://localhost:7222/swagger/index.js - 200 null application/javascript;charset=utf-8 74.0253ms
2026-03-13 18:19:19.266 +05:00 [INF] Request finished HTTP/2 GET https://localhost:7222/_framework/aspnetcore-browser-refresh.js - 200 14955 application/javascript; charset=utf-8 80.8954ms
2026-03-13 18:19:19.266 +05:00 [INF] Request finished HTTP/2 GET https://localhost:7222/swagger/index.css - 200 152 text/css 85.6126ms
2026-03-13 18:19:19.278 +05:00 [INF] Request finished HTTP/2 GET https://localhost:7222/swagger/swagger-ui-standalone-preset.js - 200 76581 text/javascript 97.3373ms
2026-03-13 18:19:19.278 +05:00 [INF] Request finished HTTP/2 GET https://localhost:7222/swagger/swagger-ui.css - 200 26248 text/css 105.8539ms
2026-03-13 18:19:19.284 +05:00 [INF] Request finished HTTP/2 GET https://localhost:7222/swagger/swagger-ui-bundle.js - 200 416963 text/javascript 102.7816ms
2026-03-13 18:19:19.341 +05:00 [INF] Request finished HTTP/2 GET https://localhost:7222/_vs/browserLink - 200 null text/javascript; charset=UTF-8 120.8679ms
2026-03-13 18:19:19.412 +05:00 [INF] Executed DbCommand (84ms) [Parameters=[@cutoffDate='?' (DbType = DateTime)], CommandType='"Text"', CommandTimeout='30']
DELETE FROM "RefreshTokens" AS r
WHERE r."ExpireAt" < @cutoffDate AND r."IsRevoked"
2026-03-13 18:19:19.581 +05:00 [INF] Request starting HTTP/2 GET https://localhost:7222/swagger/v1/swagger.json - null null
2026-03-13 18:19:19.724 +05:00 [INF] Request finished HTTP/2 GET https://localhost:7222/swagger/v1/swagger.json - 200 null application/json;charset=utf-8 142.3832ms
2026-03-13 18:20:50.423 +05:00 [INF] Request starting HTTP/2 POST https://localhost:7222/api/auth/register - application/json 122
2026-03-13 18:20:50.434 +05:00 [INF] CORS policy execution failed.
2026-03-13 18:20:50.434 +05:00 [INF] Request origin https://localhost:7222 does not have permission to access the resource.
2026-03-13 18:20:51.345 +05:00 [INF] Executing endpoint 'StudentCoursePlatform.Api.Controllers.AuthController.RegisterAsync (StudentCoursePlatform.Api)'
2026-03-13 18:20:51.372 +05:00 [INF] Route matched with {action = "Register", controller = "Auth"}. Executing controller action with signature System.Threading.Tasks.Task`1[Microsoft.AspNetCore.Mvc.IActionResult] RegisterAsync(StudentCoursePlatform.Application.DTOs.Users.Requests.UserRegisterDto) on controller StudentCoursePlatform.Api.Controllers.AuthController (StudentCoursePlatform.Api).
2026-03-13 18:20:51.466 +05:00 [INF] Registering user main@mail.com
2026-03-13 18:20:51.608 +05:00 [INF] Executed DbCommand (17ms) [Parameters=[@email='?'], CommandType='"Text"', CommandTimeout='30']
SELECT u."Id", u."CreatedAt", u."Email", u."FullName", u."PasswordHash", u."Role", u."UpdatedAt"
FROM "Users" AS u
WHERE u."Email" = @email
LIMIT 1
2026-03-13 18:20:51.804 +05:00 [INF] Executed DbCommand (14ms) [Parameters=[@p0='?' (DbType = Guid), @p1='?' (DbType = DateTime), @p2='?', @p3='?', @p4='?', @p5='?' (DbType = Int32), @p6='?' (DbType = DateTime)], CommandType='"Text"', CommandTimeout='30']
INSERT INTO "Users" ("Id", "CreatedAt", "Email", "FullName", "PasswordHash", "Role", "UpdatedAt")
VALUES (@p0, @p1, @p2, @p3, @p4, @p5, @p6);
2026-03-13 18:20:51.871 +05:00 [INF] Executed DbCommand (14ms) [Parameters=[@p0='?' (DbType = Guid), @p1='?' (DbType = DateTime), @p2='?' (DbType = DateTime), @p3='?' (DbType = Boolean), @p4='?', @p5='?' (DbType = DateTime), @p6='?', @p7='?' (DbType = Guid)], CommandType='"Text"', CommandTimeout='30']
INSERT INTO "RefreshTokens" ("Id", "CreatedAt", "ExpireAt", "IsRevoked", "ReplacedByToken", "RevokedAt", "TokenHash", "UserId")
VALUES (@p0, @p1, @p2, @p3, @p4, @p5, @p6, @p7);
2026-03-13 18:20:51.881 +05:00 [INF] User main@mail.com registered successfully
2026-03-13 18:20:51.942 +05:00 [INF] Executing OkObjectResult, writing value of type 'StudentCoursePlatform.Application.DTOs.Users.Responses.AuthResponseDto'.
2026-03-13 18:20:51.962 +05:00 [INF] Executed action StudentCoursePlatform.Api.Controllers.AuthController.RegisterAsync (StudentCoursePlatform.Api) in 584.6438ms
2026-03-13 18:20:51.963 +05:00 [INF] Executed endpoint 'StudentCoursePlatform.Api.Controllers.AuthController.RegisterAsync (StudentCoursePlatform.Api)'
2026-03-13 18:20:51.971 +05:00 [INF] Request finished HTTP/2 POST https://localhost:7222/api/auth/register - 200 null application/json; charset=utf-8 1548.0877ms
2026-03-13 18:23:32.858 +05:00 [INF] Request starting HTTP/2 GET https://localhost:7222/api/users?page=1&pageSize=10 - null null
2026-03-13 18:23:32.933 +05:00 [INF] Failed to validate the token.
Microsoft.IdentityModel.Tokens.SecurityTokenExpiredException: IDX10223: Lifetime validation failed. The token is expired. ValidTo (UTC): '3/13/2026 1:20:51 PM', Current time (UTC): '3/13/2026 1:23:32 PM'.
   at Microsoft.IdentityModel.Tokens.ValidatorUtilities.ValidateLifetime(Nullable`1 notBefore, Nullable`1 expires, SecurityToken securityToken, TokenValidationParameters validationParameters)
   at Microsoft.IdentityModel.Tokens.Validators.ValidateLifetime(Nullable`1 notBefore, Nullable`1 expires, SecurityToken securityToken, TokenValidationParameters validationParameters)
   at Microsoft.IdentityModel.JsonWebTokens.JsonWebTokenHandler.ValidateTokenPayloadAsync(JsonWebToken jsonWebToken, TokenValidationParameters validationParameters, BaseConfiguration configuration)
   at Microsoft.IdentityModel.JsonWebTokens.JsonWebTokenHandler.ValidateJWSAsync(JsonWebToken jsonWebToken, TokenValidationParameters validationParameters, BaseConfiguration configuration)
2026-03-13 18:23:32.951 +05:00 [INF] Bearer was not authenticated. Failure message: IDX10223: Lifetime validation failed. The token is expired. ValidTo (UTC): '3/13/2026 1:20:51 PM', Current time (UTC): '3/13/2026 1:23:32 PM'.
2026-03-13 18:23:32.959 +05:00 [INF] Authorization failed. These requirements were not met:
DenyAnonymousAuthorizationRequirement: Requires an authenticated user.
RolesAuthorizationRequirement:User.IsInRole must be true for one of the following roles: (Admin)
2026-03-13 18:23:32.966 +05:00 [INF] AuthenticationScheme: Bearer was challenged.
2026-03-13 18:23:32.968 +05:00 [INF] Request finished HTTP/2 GET https://localhost:7222/api/users?page=1&pageSize=10 - 401 0 null 110.204ms
2026-03-13 18:27:00.042 +05:00 [INF] User profile is available. Using 'C:\Users\diyor\AppData\Local\ASP.NET\DataProtection-Keys' as key repository and Windows DPAPI to encrypt keys at rest.
2026-03-13 18:27:00.770 +05:00 [INF] Now listening on: https://localhost:7222
2026-03-13 18:27:00.771 +05:00 [INF] Now listening on: http://localhost:5020
2026-03-13 18:27:00.838 +05:00 [INF] Application started. Press Ctrl+C to shut down.
2026-03-13 18:27:00.839 +05:00 [INF] Hosting environment: Development
2026-03-13 18:27:00.839 +05:00 [INF] Content root path: D:\@\Diyorbek\Coding\DotNet\UchinchiModul\StudentCoursePlatform\StudentCoursePlatform.Api
2026-03-13 18:27:01.430 +05:00 [INF] Request starting HTTP/2 GET https://localhost:7222/swagger/index.html - null null
2026-03-13 18:27:01.674 +05:00 [INF] Request finished HTTP/2 GET https://localhost:7222/swagger/index.html - 304 null null 252.8318ms
2026-03-13 18:27:01.691 +05:00 [INF] Request starting HTTP/2 GET https://localhost:7222/swagger/swagger-ui.css - null null
2026-03-13 18:27:01.731 +05:00 [INF] Request starting HTTP/2 GET https://localhost:7222/swagger/index.js - null null
2026-03-13 18:27:01.731 +05:00 [INF] Request starting HTTP/2 GET https://localhost:7222/_framework/aspnetcore-browser-refresh.js - null null
2026-03-13 18:27:01.742 +05:00 [INF] Request finished HTTP/2 GET https://localhost:7222/swagger/index.js - 304 null null 11.4785ms
2026-03-13 18:27:01.692 +05:00 [INF] Request starting HTTP/2 GET https://localhost:7222/swagger/index.css - null null
2026-03-13 18:27:01.731 +05:00 [INF] Request starting HTTP/2 GET https://localhost:7222/swagger/swagger-ui-standalone-preset.js - null null
2026-03-13 18:27:01.731 +05:00 [INF] Request starting HTTP/2 GET https://localhost:7222/swagger/swagger-ui-bundle.js - null null
2026-03-13 18:27:01.734 +05:00 [INF] Request starting HTTP/2 GET https://localhost:7222/_vs/browserLink - null null
2026-03-13 18:27:01.764 +05:00 [INF] Request finished HTTP/2 GET https://localhost:7222/_framework/aspnetcore-browser-refresh.js - 200 14955 application/javascript; charset=utf-8 33.0025ms
2026-03-13 18:27:01.770 +05:00 [INF] Request finished HTTP/2 GET https://localhost:7222/swagger/swagger-ui-bundle.js - 304 null null 39.1761ms
2026-03-13 18:27:01.770 +05:00 [INF] Request finished HTTP/2 GET https://localhost:7222/swagger/index.css - 304 null null 78.113ms
2026-03-13 18:27:01.770 +05:00 [INF] Request finished HTTP/2 GET https://localhost:7222/swagger/swagger-ui.css - 304 null null 78.6966ms
2026-03-13 18:27:01.770 +05:00 [INF] Request finished HTTP/2 GET https://localhost:7222/swagger/swagger-ui-standalone-preset.js - 304 null null 39.1775ms
2026-03-13 18:27:01.808 +05:00 [INF] Request finished HTTP/2 GET https://localhost:7222/_vs/browserLink - 200 null text/javascript; charset=UTF-8 74.047ms
2026-03-13 18:27:01.945 +05:00 [INF] Request starting HTTP/2 GET https://localhost:7222/swagger/v1/swagger.json - null null
2026-03-13 18:27:02.128 +05:00 [INF] Request finished HTTP/2 GET https://localhost:7222/swagger/v1/swagger.json - 200 null application/json;charset=utf-8 182.1608ms
2026-03-13 18:27:02.297 +05:00 [INF] Executed DbCommand (71ms) [Parameters=[@cutoffDate='?' (DbType = DateTime)], CommandType='"Text"', CommandTimeout='30']
DELETE FROM "RefreshTokens" AS r
WHERE r."ExpireAt" < @cutoffDate AND r."IsRevoked"
2026-03-13 18:27:42.442 +05:00 [INF] Request starting HTTP/2 POST https://localhost:7222/api/auth/login - application/json 75
2026-03-13 18:27:42.449 +05:00 [INF] CORS policy execution failed.
2026-03-13 18:27:42.451 +05:00 [INF] Request origin https://localhost:7222 does not have permission to access the resource.
2026-03-13 18:27:42.506 +05:00 [INF] Executing endpoint 'StudentCoursePlatform.Api.Controllers.AuthController.LoginAsync (StudentCoursePlatform.Api)'
2026-03-13 18:27:42.536 +05:00 [INF] Route matched with {action = "Login", controller = "Auth"}. Executing controller action with signature System.Threading.Tasks.Task`1[Microsoft.AspNetCore.Mvc.IActionResult] LoginAsync(StudentCoursePlatform.Application.DTOs.Users.Requests.UserLoginDto) on controller StudentCoursePlatform.Api.Controllers.AuthController (StudentCoursePlatform.Api).
2026-03-13 18:27:42.605 +05:00 [INF] Authenticating user main@mail.com
2026-03-13 18:27:42.754 +05:00 [INF] Executed DbCommand (12ms) [Parameters=[@email='?'], CommandType='"Text"', CommandTimeout='30']
SELECT u."Id", u."CreatedAt", u."Email", u."FullName", u."PasswordHash", u."Role", u."UpdatedAt"
FROM "Users" AS u
WHERE u."Email" = @email
LIMIT 1
2026-03-13 18:27:43.028 +05:00 [INF] Executed DbCommand (10ms) [Parameters=[@p0='?' (DbType = Guid), @p1='?' (DbType = DateTime), @p2='?' (DbType = DateTime), @p3='?' (DbType = Boolean), @p4='?', @p5='?' (DbType = DateTime), @p6='?', @p7='?' (DbType = Guid)], CommandType='"Text"', CommandTimeout='30']
INSERT INTO "RefreshTokens" ("Id", "CreatedAt", "ExpireAt", "IsRevoked", "ReplacedByToken", "RevokedAt", "TokenHash", "UserId")
VALUES (@p0, @p1, @p2, @p3, @p4, @p5, @p6, @p7);
2026-03-13 18:27:43.042 +05:00 [INF] User main@mail.com authenticated successfully
2026-03-13 18:27:43.052 +05:00 [INF] Executing OkObjectResult, writing value of type 'StudentCoursePlatform.Application.DTOs.Users.Responses.LoginResponseDto'.
2026-03-13 18:27:43.074 +05:00 [INF] Executed action StudentCoursePlatform.Api.Controllers.AuthController.LoginAsync (StudentCoursePlatform.Api) in 532.4631ms
2026-03-13 18:27:43.076 +05:00 [INF] Executed endpoint 'StudentCoursePlatform.Api.Controllers.AuthController.LoginAsync (StudentCoursePlatform.Api)'
2026-03-13 18:27:43.085 +05:00 [INF] Request finished HTTP/2 POST https://localhost:7222/api/auth/login - 200 null application/json; charset=utf-8 642.5121ms
2026-03-13 18:28:15.779 +05:00 [INF] Request starting HTTP/2 GET https://localhost:7222/api/users?page=1&pageSize=20 - null null
2026-03-13 18:28:15.853 +05:00 [INF] Failed to validate the token.
Microsoft.IdentityModel.Tokens.SecurityTokenExpiredException: IDX10223: Lifetime validation failed. The token is expired. ValidTo (UTC): '3/13/2026 1:27:42 PM', Current time (UTC): '3/13/2026 1:28:15 PM'.
   at Microsoft.IdentityModel.Tokens.ValidatorUtilities.ValidateLifetime(Nullable`1 notBefore, Nullable`1 expires, SecurityToken securityToken, TokenValidationParameters validationParameters)
   at Microsoft.IdentityModel.Tokens.Validators.ValidateLifetime(Nullable`1 notBefore, Nullable`1 expires, SecurityToken securityToken, TokenValidationParameters validationParameters)
   at Microsoft.IdentityModel.JsonWebTokens.JsonWebTokenHandler.ValidateTokenPayloadAsync(JsonWebToken jsonWebToken, TokenValidationParameters validationParameters, BaseConfiguration configuration)
   at Microsoft.IdentityModel.JsonWebTokens.JsonWebTokenHandler.ValidateJWSAsync(JsonWebToken jsonWebToken, TokenValidationParameters validationParameters, BaseConfiguration configuration)
2026-03-13 18:28:15.868 +05:00 [INF] Bearer was not authenticated. Failure message: IDX10223: Lifetime validation failed. The token is expired. ValidTo (UTC): '3/13/2026 1:27:42 PM', Current time (UTC): '3/13/2026 1:28:15 PM'.
2026-03-13 18:28:15.876 +05:00 [INF] Authorization failed. These requirements were not met:
DenyAnonymousAuthorizationRequirement: Requires an authenticated user.
RolesAuthorizationRequirement:User.IsInRole must be true for one of the following roles: (Admin)
2026-03-13 18:28:15.882 +05:00 [INF] AuthenticationScheme: Bearer was challenged.
2026-03-13 18:28:15.883 +05:00 [INF] Request finished HTTP/2 GET https://localhost:7222/api/users?page=1&pageSize=20 - 401 0 null 104.0791ms
