2026-03-12 12:41:07.125 +05:00 [INF] User profile is available. Using 'C:\Users\diyor\AppData\Local\ASP.NET\DataProtection-Keys' as key repository and Windows DPAPI to encrypt keys at rest.
2026-03-12 12:41:07.776 +05:00 [INF] Now listening on: https://localhost:7222
2026-03-12 12:41:07.778 +05:00 [INF] Now listening on: http://localhost:5020
2026-03-12 12:41:07.862 +05:00 [INF] Application started. Press Ctrl+C to shut down.
2026-03-12 12:41:07.863 +05:00 [INF] Hosting environment: Development
2026-03-12 12:41:07.864 +05:00 [INF] Content root path: D:\@\Diyorbek\Coding\DotNet\UchinchiModul\StudentCoursePlatform\StudentCoursePlatform.Api
2026-03-12 12:41:08.412 +05:00 [INF] Request starting HTTP/2 GET https://localhost:7222/swagger/index.html - null null
2026-03-12 12:41:08.620 +05:00 [INF] Request finished HTTP/2 GET https://localhost:7222/swagger/index.html - 304 null null 209.6841ms
2026-03-12 12:41:08.653 +05:00 [INF] Request starting HTTP/2 GET https://localhost:7222/swagger/swagger-ui-bundle.js - null null
2026-03-12 12:41:08.653 +05:00 [INF] Request starting HTTP/2 GET https://localhost:7222/swagger/swagger-ui.css - null null
2026-03-12 12:41:08.653 +05:00 [INF] Request starting HTTP/2 GET https://localhost:7222/_framework/aspnetcore-browser-refresh.js - null null
2026-03-12 12:41:08.653 +05:00 [INF] Request starting HTTP/2 GET https://localhost:7222/swagger/swagger-ui-standalone-preset.js - null null
2026-03-12 12:41:08.654 +05:00 [INF] Request starting HTTP/2 GET https://localhost:7222/swagger/index.css - null null
2026-03-12 12:41:08.654 +05:00 [INF] Request starting HTTP/2 GET https://localhost:7222/swagger/index.js - null null
2026-03-12 12:41:08.662 +05:00 [INF] Request starting HTTP/2 GET https://localhost:7222/_vs/browserLink - null null
2026-03-12 12:41:08.670 +05:00 [INF] Request finished HTTP/2 GET https://localhost:7222/_framework/aspnetcore-browser-refresh.js - 200 14955 application/javascript; charset=utf-8 16.6392ms
2026-03-12 12:41:08.671 +05:00 [INF] Request finished HTTP/2 GET https://localhost:7222/swagger/index.js - 304 null null 16.6545ms
2026-03-12 12:41:08.679 +05:00 [INF] Request finished HTTP/2 GET https://localhost:7222/swagger/swagger-ui.css - 304 null null 25.8234ms
2026-03-12 12:41:08.679 +05:00 [INF] Request finished HTTP/2 GET https://localhost:7222/swagger/index.css - 304 null null 25.5166ms
2026-03-12 12:41:08.679 +05:00 [INF] Request finished HTTP/2 GET https://localhost:7222/swagger/swagger-ui-standalone-preset.js - 304 null null 25.8233ms
2026-03-12 12:41:08.681 +05:00 [INF] Request finished HTTP/2 GET https://localhost:7222/swagger/swagger-ui-bundle.js - 304 null null 27.5428ms
2026-03-12 12:41:08.761 +05:00 [INF] Request finished HTTP/2 GET https://localhost:7222/_vs/browserLink - 200 null text/javascript; charset=UTF-8 98.6963ms
2026-03-12 12:41:08.807 +05:00 [INF] Request starting HTTP/2 GET https://localhost:7222/swagger/v1/swagger.json - null null
2026-03-12 12:41:08.924 +05:00 [INF] Request finished HTTP/2 GET https://localhost:7222/swagger/v1/swagger.json - 200 null application/json;charset=utf-8 117.5575ms
2026-03-12 12:41:09.686 +05:00 [INF] Executed DbCommand (62ms) [Parameters=[@cutoffDate='?' (DbType = DateTime)], CommandType='"Text"', CommandTimeout='30']
DELETE FROM "RefreshTokens" AS r
WHERE r."ExpireAt" < @cutoffDate AND r."IsRevoked"
2026-03-12 17:03:16.002 +05:00 [INF] User profile is available. Using 'C:\Users\diyor\AppData\Local\ASP.NET\DataProtection-Keys' as key repository and Windows DPAPI to encrypt keys at rest.
2026-03-12 17:03:16.585 +05:00 [INF] Now listening on: https://localhost:7222
2026-03-12 17:03:16.587 +05:00 [INF] Now listening on: http://localhost:5020
2026-03-12 17:03:16.673 +05:00 [INF] Application started. Press Ctrl+C to shut down.
2026-03-12 17:03:16.674 +05:00 [INF] Hosting environment: Development
2026-03-12 17:03:16.674 +05:00 [INF] Content root path: D:\@\Diyorbek\Coding\DotNet\UchinchiModul\StudentCoursePlatform\StudentCoursePlatform.Api
2026-03-12 17:03:17.399 +05:00 [INF] Request starting HTTP/2 GET https://localhost:7222/swagger/index.html - null null
2026-03-12 17:03:17.598 +05:00 [INF] Request finished HTTP/2 GET https://localhost:7222/swagger/index.html - 304 null null 200.9148ms
2026-03-12 17:03:17.610 +05:00 [INF] Request starting HTTP/2 GET https://localhost:7222/_framework/aspnetcore-browser-refresh.js - null null
2026-03-12 17:03:17.610 +05:00 [INF] Request starting HTTP/2 GET https://localhost:7222/swagger/index.css - null null
2026-03-12 17:03:17.610 +05:00 [INF] Request starting HTTP/2 GET https://localhost:7222/swagger/swagger-ui.css - null null
2026-03-12 17:03:17.610 +05:00 [INF] Request starting HTTP/2 GET https://localhost:7222/swagger/index.js - null null
2026-03-12 17:03:17.611 +05:00 [INF] Request starting HTTP/2 GET https://localhost:7222/swagger/swagger-ui-standalone-preset.js - null null
2026-03-12 17:03:17.611 +05:00 [INF] Request starting HTTP/2 GET https://localhost:7222/swagger/swagger-ui-bundle.js - null null
2026-03-12 17:03:17.622 +05:00 [INF] Request finished HTTP/2 GET https://localhost:7222/_framework/aspnetcore-browser-refresh.js - 200 14955 application/javascript; charset=utf-8 11.8416ms
2026-03-12 17:03:17.622 +05:00 [INF] Request finished HTTP/2 GET https://localhost:7222/swagger/index.js - 304 null null 11.5481ms
2026-03-12 17:03:17.636 +05:00 [INF] Request starting HTTP/2 GET https://localhost:7222/_vs/browserLink - null null
2026-03-12 17:03:17.636 +05:00 [INF] Request finished HTTP/2 GET https://localhost:7222/swagger/swagger-ui.css - 304 null null 26.5077ms
2026-03-12 17:03:17.636 +05:00 [INF] Request finished HTTP/2 GET https://localhost:7222/swagger/index.css - 304 null null 26.4391ms
2026-03-12 17:03:17.636 +05:00 [INF] Request finished HTTP/2 GET https://localhost:7222/swagger/swagger-ui-standalone-preset.js - 304 null null 25.8495ms
2026-03-12 17:03:17.637 +05:00 [INF] Request finished HTTP/2 GET https://localhost:7222/swagger/swagger-ui-bundle.js - 304 null null 25.9504ms
2026-03-12 17:03:17.715 +05:00 [INF] Request finished HTTP/2 GET https://localhost:7222/_vs/browserLink - 200 null text/javascript; charset=UTF-8 78.9452ms
2026-03-12 17:03:17.769 +05:00 [INF] Request starting HTTP/2 GET https://localhost:7222/swagger/v1/swagger.json - null null
2026-03-12 17:03:17.867 +05:00 [INF] Executed DbCommand (72ms) [Parameters=[@cutoffDate='?' (DbType = DateTime)], CommandType='"Text"', CommandTimeout='30']
DELETE FROM "RefreshTokens" AS r
WHERE r."ExpireAt" < @cutoffDate AND r."IsRevoked"
2026-03-12 17:03:17.883 +05:00 [INF] Request finished HTTP/2 GET https://localhost:7222/swagger/v1/swagger.json - 200 null application/json;charset=utf-8 113.7615ms
2026-03-12 17:03:33.589 +05:00 [INF] Request starting HTTP/2 POST https://localhost:7222/api/auth/register - application/json 71
2026-03-12 17:03:33.596 +05:00 [INF] CORS policy execution failed.
2026-03-12 17:03:33.597 +05:00 [INF] Request origin https://localhost:7222 does not have permission to access the resource.
2026-03-12 17:03:34.442 +05:00 [INF] Executing endpoint 'StudentCoursePlatform.Api.Controllers.AuthController.RegisterAsync (StudentCoursePlatform.Api)'
2026-03-12 17:03:34.462 +05:00 [INF] Route matched with {action = "Register", controller = "Auth"}. Executing controller action with signature System.Threading.Tasks.Task`1[Microsoft.AspNetCore.Mvc.IActionResult] RegisterAsync(StudentCoursePlatform.Application.DTOs.Users.Requests.UserRegisterDto) on controller StudentCoursePlatform.Api.Controllers.AuthController (StudentCoursePlatform.Api).
2026-03-12 17:03:34.554 +05:00 [INF] Executing BadRequestObjectResult, writing value of type 'System.String[]'.
2026-03-12 17:03:34.560 +05:00 [INF] Executed action StudentCoursePlatform.Api.Controllers.AuthController.RegisterAsync (StudentCoursePlatform.Api) in 92.8485ms
2026-03-12 17:03:34.561 +05:00 [INF] Executed endpoint 'StudentCoursePlatform.Api.Controllers.AuthController.RegisterAsync (StudentCoursePlatform.Api)'
2026-03-12 17:03:34.563 +05:00 [INF] Request finished HTTP/2 POST https://localhost:7222/api/auth/register - 400 null application/json; charset=utf-8 973.3163ms
2026-03-12 17:07:16.587 +05:00 [INF] Request starting HTTP/2 GET https://localhost:7222/get/api/users/57a364f8-8a60-4486-9eb1-2724be8c7935 - null null
2026-03-12 17:07:16.596 +05:00 [INF] Request finished HTTP/2 GET https://localhost:7222/get/api/users/57a364f8-8a60-4486-9eb1-2724be8c7935 - 404 null null 9.0548ms
2026-03-12 17:07:16.600 +05:00 [INF] Request reached the end of the middleware pipeline without being handled by application code. Request path: GET https://localhost:7222/get/api/users/57a364f8-8a60-4486-9eb1-2724be8c7935, Response status code: 404
2026-03-12 17:07:40.296 +05:00 [INF] Request starting HTTP/2 GET https://localhost:7222/get/api/users/{57a364f8-8a60-4486-9eb1-2724be8c7935} - null null
2026-03-12 17:07:40.303 +05:00 [INF] Request finished HTTP/2 GET https://localhost:7222/get/api/users/{57a364f8-8a60-4486-9eb1-2724be8c7935} - 404 null null 7.2861ms
2026-03-12 17:07:40.306 +05:00 [INF] Request reached the end of the middleware pipeline without being handled by application code. Request path: GET https://localhost:7222/get/api/users/%7B57a364f8-8a60-4486-9eb1-2724be8c7935%7D, Response status code: 404
2026-03-12 17:08:00.501 +05:00 [INF] Request starting HTTP/2 GET https://localhost:7222/api/users/57a364f8-8a60-4486-9eb1-2724be8c7935 - null null
2026-03-12 17:08:00.508 +05:00 [INF] Authorization failed. These requirements were not met:
DenyAnonymousAuthorizationRequirement: Requires an authenticated user.
2026-03-12 17:08:00.512 +05:00 [INF] AuthenticationScheme: Bearer was challenged.
2026-03-12 17:08:00.513 +05:00 [INF] Request finished HTTP/2 GET https://localhost:7222/api/users/57a364f8-8a60-4486-9eb1-2724be8c7935 - 401 0 null 12.3999ms
2026-03-12 17:08:26.167 +05:00 [INF] Request starting HTTP/2 GET https://localhost:7222/api/users/57a364f8-8a60-4486-9eb1-2724be8c7935 - null null
2026-03-12 17:08:26.172 +05:00 [INF] Authorization failed. These requirements were not met:
DenyAnonymousAuthorizationRequirement: Requires an authenticated user.
2026-03-12 17:08:26.173 +05:00 [INF] AuthenticationScheme: Bearer was challenged.
2026-03-12 17:08:26.174 +05:00 [INF] Request finished HTTP/2 GET https://localhost:7222/api/users/57a364f8-8a60-4486-9eb1-2724be8c7935 - 401 null null 7.3259ms
2026-03-12 17:10:02.710 +05:00 [INF] User profile is available. Using 'C:\Users\diyor\AppData\Local\ASP.NET\DataProtection-Keys' as key repository and Windows DPAPI to encrypt keys at rest.
2026-03-12 17:10:03.072 +05:00 [INF] Now listening on: https://localhost:7222
2026-03-12 17:10:03.074 +05:00 [INF] Now listening on: http://localhost:5020
2026-03-12 17:10:03.138 +05:00 [INF] Application started. Press Ctrl+C to shut down.
2026-03-12 17:10:03.139 +05:00 [INF] Hosting environment: Development
2026-03-12 17:10:03.139 +05:00 [INF] Content root path: D:\@\Diyorbek\Coding\DotNet\UchinchiModul\StudentCoursePlatform\StudentCoursePlatform.Api
2026-03-12 17:10:04.608 +05:00 [INF] Request starting HTTP/2 GET https://localhost:7222/swagger/index.html - null null
2026-03-12 17:10:04.989 +05:00 [INF] Request finished HTTP/2 GET https://localhost:7222/swagger/index.html - 304 null null 397.9324ms
2026-03-12 17:10:05.029 +05:00 [INF] Request starting HTTP/2 GET https://localhost:7222/swagger/swagger-ui-bundle.js - null null
2026-03-12 17:10:05.030 +05:00 [INF] Request starting HTTP/2 GET https://localhost:7222/swagger/swagger-ui-standalone-preset.js - null null
2026-03-12 17:10:05.029 +05:00 [INF] Request starting HTTP/2 GET https://localhost:7222/_framework/aspnetcore-browser-refresh.js - null null
2026-03-12 17:10:05.029 +05:00 [INF] Request starting HTTP/2 GET https://localhost:7222/swagger/index.css - null null
2026-03-12 17:10:05.029 +05:00 [INF] Request starting HTTP/2 GET https://localhost:7222/swagger/swagger-ui.css - null null
2026-03-12 17:10:05.085 +05:00 [INF] Request starting HTTP/2 GET https://localhost:7222/swagger/index.js - null null
2026-03-12 17:10:05.116 +05:00 [INF] Request starting HTTP/2 GET https://localhost:7222/_vs/browserLink - null null
2026-03-12 17:10:05.140 +05:00 [INF] Request finished HTTP/2 GET https://localhost:7222/swagger/index.js - 304 null null 81.6376ms
2026-03-12 17:10:05.149 +05:00 [INF] Request finished HTTP/2 GET https://localhost:7222/_framework/aspnetcore-browser-refresh.js - 200 14955 application/javascript; charset=utf-8 120.4013ms
2026-03-12 17:10:05.157 +05:00 [INF] Request finished HTTP/2 GET https://localhost:7222/swagger/swagger-ui-standalone-preset.js - 304 null null 127.5848ms
2026-03-12 17:10:05.157 +05:00 [INF] Request finished HTTP/2 GET https://localhost:7222/swagger/index.css - 304 null null 128.7571ms
2026-03-12 17:10:05.157 +05:00 [INF] Request finished HTTP/2 GET https://localhost:7222/swagger/swagger-ui.css - 304 null null 128.8959ms
2026-03-12 17:10:05.157 +05:00 [INF] Request finished HTTP/2 GET https://localhost:7222/swagger/swagger-ui-bundle.js - 304 null null 128.5596ms
2026-03-12 17:10:05.200 +05:00 [INF] Request finished HTTP/2 GET https://localhost:7222/_vs/browserLink - 200 null text/javascript; charset=UTF-8 83.8833ms
2026-03-12 17:10:05.263 +05:00 [INF] Request starting HTTP/2 GET https://localhost:7222/swagger/v1/swagger.json - null null
2026-03-12 17:10:05.446 +05:00 [INF] Request finished HTTP/2 GET https://localhost:7222/swagger/v1/swagger.json - 200 null application/json;charset=utf-8 183.9234ms
2026-03-12 17:10:05.840 +05:00 [INF] Executed DbCommand (112ms) [Parameters=[@cutoffDate='?' (DbType = DateTime)], CommandType='"Text"', CommandTimeout='30']
DELETE FROM "RefreshTokens" AS r
WHERE r."ExpireAt" < @cutoffDate AND r."IsRevoked"
2026-03-12 17:10:14.234 +05:00 [INF] Request starting HTTP/2 GET https://localhost:7222/api/users/57a364f8-8a60-4486-9eb1-2724be8c7935 - null null
2026-03-12 17:10:14.326 +05:00 [INF] Executing endpoint 'StudentCoursePlatform.Api.Controllers.UsersController.GetByIdAsync (StudentCoursePlatform.Api)'
2026-03-12 17:10:14.354 +05:00 [INF] Route matched with {action = "GetById", controller = "Users"}. Executing controller action with signature System.Threading.Tasks.Task`1[Microsoft.AspNetCore.Mvc.IActionResult] GetByIdAsync(System.Guid) on controller StudentCoursePlatform.Api.Controllers.UsersController (StudentCoursePlatform.Api).
2026-03-12 17:10:14.596 +05:00 [INF] Executed DbCommand (19ms) [Parameters=[@p='?' (DbType = Guid)], CommandType='"Text"', CommandTimeout='30']
SELECT u."Id", u."CreatedAt", u."Email", u."FullName", u."PasswordHash", u."Role"
FROM "Users" AS u
WHERE u."Id" = @p
LIMIT 1
2026-03-12 17:10:14.684 +05:00 [INF] Executing OkObjectResult, writing value of type 'StudentCoursePlatform.Application.DTOs.Users.Responses.UserResponseDto'.
2026-03-12 17:10:14.708 +05:00 [INF] Executed action StudentCoursePlatform.Api.Controllers.UsersController.GetByIdAsync (StudentCoursePlatform.Api) in 347.5687ms
2026-03-12 17:10:14.711 +05:00 [INF] Executed endpoint 'StudentCoursePlatform.Api.Controllers.UsersController.GetByIdAsync (StudentCoursePlatform.Api)'
2026-03-12 17:10:14.722 +05:00 [INF] Request finished HTTP/2 GET https://localhost:7222/api/users/57a364f8-8a60-4486-9eb1-2724be8c7935 - 200 null application/json; charset=utf-8 488.3408ms
2026-03-12 17:10:14.777 +05:00 [INF] Request starting HTTP/2 GET https://localhost:7222/favicon.ico - null null
2026-03-12 17:10:14.781 +05:00 [INF] Request finished HTTP/2 GET https://localhost:7222/favicon.ico - 404 0 null 4.7743ms
2026-03-12 17:10:14.787 +05:00 [INF] Request reached the end of the middleware pipeline without being handled by application code. Request path: GET https://localhost:7222/favicon.ico, Response status code: 404
2026-03-12 17:11:07.176 +05:00 [INF] Request starting HTTP/2 GET https://localhost:7222/api/users/57a364f8-8a60-4486-9eb1-2724be8c7935 - null null
2026-03-12 17:11:07.185 +05:00 [INF] Executing endpoint 'StudentCoursePlatform.Api.Controllers.UsersController.GetByIdAsync (StudentCoursePlatform.Api)'
2026-03-12 17:11:07.187 +05:00 [INF] Route matched with {action = "GetById", controller = "Users"}. Executing controller action with signature System.Threading.Tasks.Task`1[Microsoft.AspNetCore.Mvc.IActionResult] GetByIdAsync(System.Guid) on controller StudentCoursePlatform.Api.Controllers.UsersController (StudentCoursePlatform.Api).
2026-03-12 17:11:07.212 +05:00 [INF] Executed DbCommand (1ms) [Parameters=[@p='?' (DbType = Guid)], CommandType='"Text"', CommandTimeout='30']
SELECT u."Id", u."CreatedAt", u."Email", u."FullName", u."PasswordHash", u."Role"
FROM "Users" AS u
WHERE u."Id" = @p
LIMIT 1
2026-03-12 17:11:07.215 +05:00 [INF] Executing OkObjectResult, writing value of type 'StudentCoursePlatform.Application.DTOs.Users.Responses.UserResponseDto'.
2026-03-12 17:11:07.216 +05:00 [INF] Executed action StudentCoursePlatform.Api.Controllers.UsersController.GetByIdAsync (StudentCoursePlatform.Api) in 26.2605ms
2026-03-12 17:11:07.217 +05:00 [INF] Executed endpoint 'StudentCoursePlatform.Api.Controllers.UsersController.GetByIdAsync (StudentCoursePlatform.Api)'
2026-03-12 17:11:07.218 +05:00 [INF] Request finished HTTP/2 GET https://localhost:7222/api/users/57a364f8-8a60-4486-9eb1-2724be8c7935 - 200 null application/json; charset=utf-8 42.5856ms
2026-03-12 17:11:07.248 +05:00 [INF] Request starting HTTP/2 GET https://localhost:7222/favicon.ico - null null
2026-03-12 17:11:07.251 +05:00 [INF] Request finished HTTP/2 GET https://localhost:7222/favicon.ico - 404 0 null 2.8898ms
2026-03-12 17:11:07.255 +05:00 [INF] Request reached the end of the middleware pipeline without being handled by application code. Request path: GET https://localhost:7222/favicon.ico, Response status code: 404
2026-03-12 17:17:06.601 +05:00 [INF] User profile is available. Using 'C:\Users\diyor\AppData\Local\ASP.NET\DataProtection-Keys' as key repository and Windows DPAPI to encrypt keys at rest.
2026-03-12 17:17:07.016 +05:00 [INF] Now listening on: https://172.30.96.1:7222
2026-03-12 17:17:07.017 +05:00 [INF] Now listening on: http://172.30.96.1:5020
2026-03-12 17:17:07.194 +05:00 [INF] Application started. Press Ctrl+C to shut down.
2026-03-12 17:17:07.195 +05:00 [INF] Hosting environment: Development
2026-03-12 17:17:07.196 +05:00 [INF] Content root path: D:\@\Diyorbek\Coding\DotNet\UchinchiModul\StudentCoursePlatform\StudentCoursePlatform.Api
2026-03-12 17:17:08.798 +05:00 [INF] Executed DbCommand (63ms) [Parameters=[@cutoffDate='?' (DbType = DateTime)], CommandType='"Text"', CommandTimeout='30']
DELETE FROM "RefreshTokens" AS r
WHERE r."ExpireAt" < @cutoffDate AND r."IsRevoked"
2026-03-12 17:22:00.386 +05:00 [INF] User profile is available. Using 'C:\Users\diyor\AppData\Local\ASP.NET\DataProtection-Keys' as key repository and Windows DPAPI to encrypt keys at rest.
2026-03-12 17:22:00.769 +05:00 [INF] Now listening on: https://172.30.96.1:7222
2026-03-12 17:22:00.770 +05:00 [INF] Now listening on: http://172.30.96.1:5020
2026-03-12 17:22:00.838 +05:00 [INF] Application started. Press Ctrl+C to shut down.
2026-03-12 17:22:00.839 +05:00 [INF] Hosting environment: Development
2026-03-12 17:22:00.840 +05:00 [INF] Content root path: D:\@\Diyorbek\Coding\DotNet\UchinchiModul\StudentCoursePlatform\StudentCoursePlatform.Api
2026-03-12 17:22:02.065 +05:00 [INF] Executed DbCommand (54ms) [Parameters=[@cutoffDate='?' (DbType = DateTime)], CommandType='"Text"', CommandTimeout='30']
DELETE FROM "RefreshTokens" AS r
WHERE r."ExpireAt" < @cutoffDate AND r."IsRevoked"
2026-03-12 17:30:31.455 +05:00 [INF] User profile is available. Using 'C:\Users\diyor\AppData\Local\ASP.NET\DataProtection-Keys' as key repository and Windows DPAPI to encrypt keys at rest.
2026-03-12 17:30:31.780 +05:00 [INF] Now listening on: http://172.30.96.1:5000
2026-03-12 17:30:31.846 +05:00 [INF] Application started. Press Ctrl+C to shut down.
2026-03-12 17:30:31.847 +05:00 [INF] Hosting environment: Development
2026-03-12 17:30:31.848 +05:00 [INF] Content root path: D:\@\Diyorbek\Coding\DotNet\UchinchiModul\StudentCoursePlatform\StudentCoursePlatform.Api
2026-03-12 17:30:33.009 +05:00 [INF] Executed DbCommand (63ms) [Parameters=[@cutoffDate='?' (DbType = DateTime)], CommandType='"Text"', CommandTimeout='30']
DELETE FROM "RefreshTokens" AS r
WHERE r."ExpireAt" < @cutoffDate AND r."IsRevoked"
2026-03-12 17:30:38.522 +05:00 [INF] Request starting HTTP/1.1 GET http://172.30.96.1:5000/ - null null
2026-03-12 17:30:38.724 +05:00 [INF] Request finished HTTP/1.1 GET http://172.30.96.1:5000/ - 307 null null 214.1766ms
2026-03-12 17:30:58.953 +05:00 [INF] Request starting HTTP/1.1 GET http://172.30.96.1:5000/ - null null
2026-03-12 17:30:58.962 +05:00 [INF] Request finished HTTP/1.1 GET http://172.30.96.1:5000/ - 307 null null 10.4037ms
2026-03-12 17:35:08.090 +05:00 [INF] User profile is available. Using 'C:\Users\diyor\AppData\Local\ASP.NET\DataProtection-Keys' as key repository and Windows DPAPI to encrypt keys at rest.
2026-03-12 17:35:08.432 +05:00 [INF] Now listening on: https://localhost:7222
2026-03-12 17:35:08.433 +05:00 [INF] Now listening on: http://localhost:5020
2026-03-12 17:35:08.494 +05:00 [INF] Application started. Press Ctrl+C to shut down.
2026-03-12 17:35:08.494 +05:00 [INF] Hosting environment: Development
2026-03-12 17:35:08.495 +05:00 [INF] Content root path: D:\@\Diyorbek\Coding\DotNet\UchinchiModul\StudentCoursePlatform\StudentCoursePlatform.Api
2026-03-12 17:35:09.359 +05:00 [INF] Request starting HTTP/2 GET https://localhost:7222/swagger/index.html - null null
2026-03-12 17:35:09.690 +05:00 [INF] Request finished HTTP/2 GET https://localhost:7222/swagger/index.html - 304 null null 338.5237ms
2026-03-12 17:35:09.710 +05:00 [INF] Request starting HTTP/2 GET https://localhost:7222/swagger/index.js - null null
2026-03-12 17:35:09.711 +05:00 [INF] Request starting HTTP/2 GET https://localhost:7222/swagger/index.css - null null
2026-03-12 17:35:09.711 +05:00 [INF] Request starting HTTP/2 GET https://localhost:7222/_framework/aspnetcore-browser-refresh.js - null null
2026-03-12 17:35:09.711 +05:00 [INF] Request starting HTTP/2 GET https://localhost:7222/swagger/swagger-ui-standalone-preset.js - null null
2026-03-12 17:35:09.711 +05:00 [INF] Request starting HTTP/2 GET https://localhost:7222/swagger/swagger-ui.css - null null
2026-03-12 17:35:09.710 +05:00 [INF] Request starting HTTP/2 GET https://localhost:7222/swagger/swagger-ui-bundle.js - null null
2026-03-12 17:35:09.721 +05:00 [INF] Request finished HTTP/2 GET https://localhost:7222/swagger/index.js - 304 null null 10.5288ms
2026-03-12 17:35:09.752 +05:00 [INF] Request finished HTTP/2 GET https://localhost:7222/_framework/aspnetcore-browser-refresh.js - 200 14955 application/javascript; charset=utf-8 41.968ms
2026-03-12 17:35:09.759 +05:00 [INF] Request finished HTTP/2 GET https://localhost:7222/swagger/swagger-ui-standalone-preset.js - 304 null null 48.3955ms
2026-03-12 17:35:09.759 +05:00 [INF] Request finished HTTP/2 GET https://localhost:7222/swagger/swagger-ui.css - 304 null null 48.4264ms
2026-03-12 17:35:09.759 +05:00 [INF] Request finished HTTP/2 GET https://localhost:7222/swagger/index.css - 304 null null 47.7979ms
2026-03-12 17:35:09.759 +05:00 [INF] Request finished HTTP/2 GET https://localhost:7222/swagger/swagger-ui-bundle.js - 304 null null 48.3622ms
2026-03-12 17:35:09.763 +05:00 [INF] Request starting HTTP/2 GET https://localhost:7222/_vs/browserLink - null null
2026-03-12 17:35:09.817 +05:00 [INF] Request finished HTTP/2 GET https://localhost:7222/_vs/browserLink - 200 null text/javascript; charset=UTF-8 53.8031ms
2026-03-12 17:35:09.894 +05:00 [INF] Request starting HTTP/2 GET https://localhost:7222/swagger/v1/swagger.json - null null
2026-03-12 17:35:09.932 +05:00 [INF] Executed DbCommand (133ms) [Parameters=[@cutoffDate='?' (DbType = DateTime)], CommandType='"Text"', CommandTimeout='30']
DELETE FROM "RefreshTokens" AS r
WHERE r."ExpireAt" < @cutoffDate AND r."IsRevoked"
2026-03-12 17:35:10.044 +05:00 [INF] Request finished HTTP/2 GET https://localhost:7222/swagger/v1/swagger.json - 200 null application/json;charset=utf-8 149.9686ms
2026-03-12 17:39:57.056 +05:00 [INF] User profile is available. Using 'C:\Users\diyor\AppData\Local\ASP.NET\DataProtection-Keys' as key repository and Windows DPAPI to encrypt keys at rest.
2026-03-12 17:39:57.460 +05:00 [INF] Now listening on: https://localhost:7222
2026-03-12 17:39:57.462 +05:00 [INF] Now listening on: http://localhost:5020
2026-03-12 17:39:57.527 +05:00 [INF] Application started. Press Ctrl+C to shut down.
2026-03-12 17:39:57.528 +05:00 [INF] Hosting environment: Development
2026-03-12 17:39:57.529 +05:00 [INF] Content root path: D:\@\Diyorbek\Coding\DotNet\UchinchiModul\StudentCoursePlatform\StudentCoursePlatform.Api
2026-03-12 17:39:58.150 +05:00 [INF] Request starting HTTP/2 GET https://localhost:7222/swagger/index.html - null null
2026-03-12 17:39:58.415 +05:00 [INF] Request finished HTTP/2 GET https://localhost:7222/swagger/index.html - 304 null null 274.5354ms
2026-03-12 17:39:58.435 +05:00 [INF] Request starting HTTP/2 GET https://localhost:7222/swagger/swagger-ui.css - null null
2026-03-12 17:39:58.435 +05:00 [INF] Request starting HTTP/2 GET https://localhost:7222/swagger/index.js - null null
2026-03-12 17:39:58.435 +05:00 [INF] Request starting HTTP/2 GET https://localhost:7222/swagger/swagger-ui-standalone-preset.js - null null
2026-03-12 17:39:58.435 +05:00 [INF] Request starting HTTP/2 GET https://localhost:7222/swagger/swagger-ui-bundle.js - null null
2026-03-12 17:39:58.435 +05:00 [INF] Request starting HTTP/2 GET https://localhost:7222/swagger/index.css - null null
2026-03-12 17:39:58.435 +05:00 [INF] Request starting HTTP/2 GET https://localhost:7222/_framework/aspnetcore-browser-refresh.js - null null
2026-03-12 17:39:58.450 +05:00 [INF] Request finished HTTP/2 GET https://localhost:7222/swagger/index.js - 304 null null 14.82ms
2026-03-12 17:39:58.474 +05:00 [INF] Request starting HTTP/2 GET https://localhost:7222/_vs/browserLink - null null
2026-03-12 17:39:58.486 +05:00 [INF] Request finished HTTP/2 GET https://localhost:7222/_framework/aspnetcore-browser-refresh.js - 200 14955 application/javascript; charset=utf-8 51.1701ms
2026-03-12 17:39:58.514 +05:00 [INF] Request finished HTTP/2 GET https://localhost:7222/swagger/index.css - 304 null null 79.644ms
2026-03-12 17:39:58.514 +05:00 [INF] Request finished HTTP/2 GET https://localhost:7222/swagger/swagger-ui.css - 304 null null 79.8048ms
2026-03-12 17:39:58.514 +05:00 [INF] Request finished HTTP/2 GET https://localhost:7222/swagger/swagger-ui-standalone-preset.js - 304 null null 79.6324ms
2026-03-12 17:39:58.514 +05:00 [INF] Request finished HTTP/2 GET https://localhost:7222/swagger/swagger-ui-bundle.js - 304 null null 79.6374ms
2026-03-12 17:39:58.542 +05:00 [INF] Request finished HTTP/2 GET https://localhost:7222/_vs/browserLink - 200 null text/javascript; charset=UTF-8 67.4001ms
2026-03-12 17:39:58.645 +05:00 [INF] Request starting HTTP/2 GET https://localhost:7222/swagger/v1/swagger.json - null null
2026-03-12 17:39:58.787 +05:00 [INF] Request finished HTTP/2 GET https://localhost:7222/swagger/v1/swagger.json - 200 null application/json;charset=utf-8 141.8053ms
2026-03-12 17:39:59.166 +05:00 [INF] Executed DbCommand (63ms) [Parameters=[@cutoffDate='?' (DbType = DateTime)], CommandType='"Text"', CommandTimeout='30']
DELETE FROM "RefreshTokens" AS r
WHERE r."ExpireAt" < @cutoffDate AND r."IsRevoked"
2026-03-12 17:41:04.964 +05:00 [INF] Request starting HTTP/2 POST https://localhost:7222/api/auth/register - application/json 100
2026-03-12 17:41:04.974 +05:00 [INF] CORS policy execution failed.
2026-03-12 17:41:04.975 +05:00 [INF] Request origin https://localhost:7222 does not have permission to access the resource.
2026-03-12 17:41:05.037 +05:00 [INF] Executing endpoint 'StudentCoursePlatform.Api.Controllers.AuthController.RegisterAsync (StudentCoursePlatform.Api)'
2026-03-12 17:41:05.063 +05:00 [INF] Route matched with {action = "Register", controller = "Auth"}. Executing controller action with signature System.Threading.Tasks.Task`1[Microsoft.AspNetCore.Mvc.IActionResult] RegisterAsync(StudentCoursePlatform.Application.DTOs.Users.Requests.UserRegisterDto) on controller StudentCoursePlatform.Api.Controllers.AuthController (StudentCoursePlatform.Api).
2026-03-12 17:41:05.141 +05:00 [INF] Registering user azamat@mail.com
2026-03-12 17:41:05.299 +05:00 [INF] Executed DbCommand (16ms) [Parameters=[@email='?'], CommandType='"Text"', CommandTimeout='30']
SELECT u."Id", u."CreatedAt", u."Email", u."FullName", u."PasswordHash", u."Role"
FROM "Users" AS u
WHERE u."Email" = @email
LIMIT 1
2026-03-12 17:41:05.501 +05:00 [INF] Executed DbCommand (15ms) [Parameters=[@p0='?' (DbType = Guid), @p1='?' (DbType = DateTime), @p2='?', @p3='?', @p4='?', @p5='?' (DbType = Int32)], CommandType='"Text"', CommandTimeout='30']
INSERT INTO "Users" ("Id", "CreatedAt", "Email", "FullName", "PasswordHash", "Role")
VALUES (@p0, @p1, @p2, @p3, @p4, @p5);
2026-03-12 17:41:05.577 +05:00 [INF] Executed DbCommand (13ms) [Parameters=[@p0='?' (DbType = Guid), @p1='?' (DbType = DateTime), @p2='?' (DbType = DateTime), @p3='?' (DbType = Boolean), @p4='?', @p5='?' (DbType = DateTime), @p6='?', @p7='?' (DbType = Guid)], CommandType='"Text"', CommandTimeout='30']
INSERT INTO "RefreshTokens" ("Id", "CreatedAt", "ExpireAt", "IsRevoked", "ReplacedByToken", "RevokedAt", "TokenHash", "UserId")
VALUES (@p0, @p1, @p2, @p3, @p4, @p5, @p6, @p7);
2026-03-12 17:41:05.589 +05:00 [INF] User azamat@mail.com registered successfully
2026-03-12 17:41:05.675 +05:00 [INF] Executing OkObjectResult, writing value of type 'StudentCoursePlatform.Application.DTOs.Users.Responses.AuthResponseDto'.
2026-03-12 17:41:05.695 +05:00 [INF] Executed action StudentCoursePlatform.Api.Controllers.AuthController.RegisterAsync (StudentCoursePlatform.Api) in 626.9698ms
2026-03-12 17:41:05.698 +05:00 [INF] Executed endpoint 'StudentCoursePlatform.Api.Controllers.AuthController.RegisterAsync (StudentCoursePlatform.Api)'
2026-03-12 17:41:05.707 +05:00 [INF] Request finished HTTP/2 POST https://localhost:7222/api/auth/register - 200 null application/json; charset=utf-8 742.8531ms
2026-03-12 17:41:42.244 +05:00 [INF] Request starting HTTP/2 GET https://localhost:7222/api/users/e053da8f-7d16-4737-9611-abeae2082e3e - null null
2026-03-12 17:41:42.316 +05:00 [INF] Failed to validate the token.
Microsoft.IdentityModel.Tokens.SecurityTokenExpiredException: IDX10223: Lifetime validation failed. The token is expired. ValidTo (UTC): '3/12/2026 12:41:05 PM', Current time (UTC): '3/12/2026 12:41:42 PM'.
   at Microsoft.IdentityModel.Tokens.ValidatorUtilities.ValidateLifetime(Nullable`1 notBefore, Nullable`1 expires, SecurityToken securityToken, TokenValidationParameters validationParameters)
   at Microsoft.IdentityModel.Tokens.Validators.ValidateLifetime(Nullable`1 notBefore, Nullable`1 expires, SecurityToken securityToken, TokenValidationParameters validationParameters)
   at Microsoft.IdentityModel.JsonWebTokens.JsonWebTokenHandler.ValidateTokenPayloadAsync(JsonWebToken jsonWebToken, TokenValidationParameters validationParameters, BaseConfiguration configuration)
   at Microsoft.IdentityModel.JsonWebTokens.JsonWebTokenHandler.ValidateJWSAsync(JsonWebToken jsonWebToken, TokenValidationParameters validationParameters, BaseConfiguration configuration)
2026-03-12 17:41:42.330 +05:00 [INF] Bearer was not authenticated. Failure message: IDX10223: Lifetime validation failed. The token is expired. ValidTo (UTC): '3/12/2026 12:41:05 PM', Current time (UTC): '3/12/2026 12:41:42 PM'.
2026-03-12 17:41:42.338 +05:00 [INF] Authorization failed. These requirements were not met:
DenyAnonymousAuthorizationRequirement: Requires an authenticated user.
2026-03-12 17:41:42.344 +05:00 [INF] AuthenticationScheme: Bearer was challenged.
2026-03-12 17:41:42.345 +05:00 [INF] Request finished HTTP/2 GET https://localhost:7222/api/users/e053da8f-7d16-4737-9611-abeae2082e3e - 401 0 null 101.9208ms
2026-03-12 17:42:26.620 +05:00 [INF] Request starting HTTP/2 GET https://localhost:7222/api/users?page=1&pageSize=10 - null null
2026-03-12 17:42:26.628 +05:00 [INF] Failed to validate the token.
Microsoft.IdentityModel.Tokens.SecurityTokenExpiredException: IDX10223: Lifetime validation failed. The token is expired. ValidTo (UTC): '3/12/2026 12:41:05 PM', Current time (UTC): '3/12/2026 12:42:26 PM'.
   at Microsoft.IdentityModel.Tokens.ValidatorUtilities.ValidateLifetime(Nullable`1 notBefore, Nullable`1 expires, SecurityToken securityToken, TokenValidationParameters validationParameters)
   at Microsoft.IdentityModel.Tokens.Validators.ValidateLifetime(Nullable`1 notBefore, Nullable`1 expires, SecurityToken securityToken, TokenValidationParameters validationParameters)
   at Microsoft.IdentityModel.JsonWebTokens.JsonWebTokenHandler.ValidateTokenPayloadAsync(JsonWebToken jsonWebToken, TokenValidationParameters validationParameters, BaseConfiguration configuration)
   at Microsoft.IdentityModel.JsonWebTokens.JsonWebTokenHandler.ValidateJWSAsync(JsonWebToken jsonWebToken, TokenValidationParameters validationParameters, BaseConfiguration configuration)
2026-03-12 17:42:26.630 +05:00 [INF] Bearer was not authenticated. Failure message: IDX10223: Lifetime validation failed. The token is expired. ValidTo (UTC): '3/12/2026 12:41:05 PM', Current time (UTC): '3/12/2026 12:42:26 PM'.
2026-03-12 17:42:26.633 +05:00 [INF] Authorization failed. These requirements were not met:
DenyAnonymousAuthorizationRequirement: Requires an authenticated user.
RolesAuthorizationRequirement:User.IsInRole must be true for one of the following roles: (Admin)
2026-03-12 17:42:26.634 +05:00 [INF] AuthenticationScheme: Bearer was challenged.
2026-03-12 17:42:26.634 +05:00 [INF] Request finished HTTP/2 GET https://localhost:7222/api/users?page=1&pageSize=10 - 401 0 null 14.4841ms
2026-03-12 17:43:43.962 +05:00 [INF] Request starting HTTP/2 GET https://localhost:7222/api/users?page=1&pageSize=10 - null null
2026-03-12 17:43:43.966 +05:00 [INF] Failed to validate the token.
Microsoft.IdentityModel.Tokens.SecurityTokenExpiredException: IDX10223: Lifetime validation failed. The token is expired. ValidTo (UTC): '3/12/2026 12:41:05 PM', Current time (UTC): '3/12/2026 12:43:43 PM'.
   at Microsoft.IdentityModel.Tokens.ValidatorUtilities.ValidateLifetime(Nullable`1 notBefore, Nullable`1 expires, SecurityToken securityToken, TokenValidationParameters validationParameters)
   at Microsoft.IdentityModel.Tokens.Validators.ValidateLifetime(Nullable`1 notBefore, Nullable`1 expires, SecurityToken securityToken, TokenValidationParameters validationParameters)
   at Microsoft.IdentityModel.JsonWebTokens.JsonWebTokenHandler.ValidateTokenPayloadAsync(JsonWebToken jsonWebToken, TokenValidationParameters validationParameters, BaseConfiguration configuration)
   at Microsoft.IdentityModel.JsonWebTokens.JsonWebTokenHandler.ValidateJWSAsync(JsonWebToken jsonWebToken, TokenValidationParameters validationParameters, BaseConfiguration configuration)
2026-03-12 17:43:43.967 +05:00 [INF] Bearer was not authenticated. Failure message: IDX10223: Lifetime validation failed. The token is expired. ValidTo (UTC): '3/12/2026 12:41:05 PM', Current time (UTC): '3/12/2026 12:43:43 PM'.
2026-03-12 17:43:43.969 +05:00 [INF] Authorization failed. These requirements were not met:
DenyAnonymousAuthorizationRequirement: Requires an authenticated user.
RolesAuthorizationRequirement:User.IsInRole must be true for one of the following roles: (Admin)
2026-03-12 17:43:43.970 +05:00 [INF] AuthenticationScheme: Bearer was challenged.
2026-03-12 17:43:43.971 +05:00 [INF] Request finished HTTP/2 GET https://localhost:7222/api/users?page=1&pageSize=10 - 401 0 null 8.9138ms
2026-03-12 17:45:49.095 +05:00 [INF] User profile is available. Using 'C:\Users\diyor\AppData\Local\ASP.NET\DataProtection-Keys' as key repository and Windows DPAPI to encrypt keys at rest.
2026-03-12 17:45:49.534 +05:00 [INF] Now listening on: https://localhost:7222
2026-03-12 17:45:49.536 +05:00 [INF] Now listening on: http://localhost:5020
2026-03-12 17:45:49.603 +05:00 [INF] Application started. Press Ctrl+C to shut down.
2026-03-12 17:45:49.605 +05:00 [INF] Hosting environment: Development
2026-03-12 17:45:49.606 +05:00 [INF] Content root path: D:\@\Diyorbek\Coding\DotNet\UchinchiModul\StudentCoursePlatform\StudentCoursePlatform.Api
2026-03-12 17:45:50.148 +05:00 [INF] Request starting HTTP/2 GET https://localhost:7222/swagger/index.html - null null
2026-03-12 17:45:50.395 +05:00 [INF] Request finished HTTP/2 GET https://localhost:7222/swagger/index.html - 304 null null 257.9572ms
2026-03-12 17:45:50.412 +05:00 [INF] Request starting HTTP/2 GET https://localhost:7222/_framework/aspnetcore-browser-refresh.js - null null
2026-03-12 17:45:50.412 +05:00 [INF] Request starting HTTP/2 GET https://localhost:7222/swagger/swagger-ui-standalone-preset.js - null null
2026-03-12 17:45:50.412 +05:00 [INF] Request starting HTTP/2 GET https://localhost:7222/swagger/swagger-ui-bundle.js - null null
2026-03-12 17:45:50.412 +05:00 [INF] Request starting HTTP/2 GET https://localhost:7222/swagger/swagger-ui.css - null null
2026-03-12 17:45:50.412 +05:00 [INF] Request starting HTTP/2 GET https://localhost:7222/swagger/index.css - null null
2026-03-12 17:45:50.416 +05:00 [INF] Request starting HTTP/2 GET https://localhost:7222/swagger/index.js - null null
2026-03-12 17:45:50.432 +05:00 [INF] Request starting HTTP/2 GET https://localhost:7222/_vs/browserLink - null null
2026-03-12 17:45:50.455 +05:00 [INF] Request finished HTTP/2 GET https://localhost:7222/swagger/index.js - 304 null null 38.8598ms
2026-03-12 17:45:50.454 +05:00 [INF] Request finished HTTP/2 GET https://localhost:7222/_framework/aspnetcore-browser-refresh.js - 200 14955 application/javascript; charset=utf-8 41.8057ms
2026-03-12 17:45:50.473 +05:00 [INF] Request finished HTTP/2 GET https://localhost:7222/swagger/swagger-ui-standalone-preset.js - 304 null null 60.0986ms
2026-03-12 17:45:50.473 +05:00 [INF] Request finished HTTP/2 GET https://localhost:7222/swagger/swagger-ui-bundle.js - 304 null null 60.5884ms
2026-03-12 17:45:50.473 +05:00 [INF] Request finished HTTP/2 GET https://localhost:7222/swagger/swagger-ui.css - 304 null null 60.6099ms
2026-03-12 17:45:50.473 +05:00 [INF] Request finished HTTP/2 GET https://localhost:7222/swagger/index.css - 304 null null 60.5884ms
2026-03-12 17:45:50.501 +05:00 [INF] Request finished HTTP/2 GET https://localhost:7222/_vs/browserLink - 200 null text/javascript; charset=UTF-8 68.6034ms
2026-03-12 17:45:50.553 +05:00 [INF] Request starting HTTP/2 GET https://localhost:7222/swagger/v1/swagger.json - null null
2026-03-12 17:45:50.699 +05:00 [INF] Request finished HTTP/2 GET https://localhost:7222/swagger/v1/swagger.json - 200 null application/json;charset=utf-8 145.6105ms
2026-03-12 17:45:51.172 +05:00 [INF] Executed DbCommand (98ms) [Parameters=[@cutoffDate='?' (DbType = DateTime)], CommandType='"Text"', CommandTimeout='30']
DELETE FROM "RefreshTokens" AS r
WHERE r."ExpireAt" < @cutoffDate AND r."IsRevoked"
2026-03-12 17:47:04.535 +05:00 [INF] Request starting HTTP/2 POST https://localhost:7222/api/auth/login - application/json 76
2026-03-12 17:47:04.541 +05:00 [INF] CORS policy execution failed.
2026-03-12 17:47:04.542 +05:00 [INF] Request origin https://localhost:7222 does not have permission to access the resource.
2026-03-12 17:47:04.604 +05:00 [INF] Executing endpoint 'StudentCoursePlatform.Api.Controllers.AuthController.LoginAsync (StudentCoursePlatform.Api)'
2026-03-12 17:47:04.628 +05:00 [INF] Route matched with {action = "Login", controller = "Auth"}. Executing controller action with signature System.Threading.Tasks.Task`1[Microsoft.AspNetCore.Mvc.IActionResult] LoginAsync(StudentCoursePlatform.Application.DTOs.Users.Requests.UserLoginDto) on controller StudentCoursePlatform.Api.Controllers.AuthController (StudentCoursePlatform.Api).
2026-03-12 17:47:13.729 +05:00 [INF] Authenticating user azamat@mail.com
2026-03-12 17:47:36.470 +05:00 [INF] Executed DbCommand (9ms) [Parameters=[@email='?'], CommandType='"Text"', CommandTimeout='30']
SELECT u."Id", u."CreatedAt", u."Email", u."FullName", u."PasswordHash", u."Role"
FROM "Users" AS u
WHERE u."Email" = @email
LIMIT 1
2026-03-12 17:48:17.243 +05:00 [INF] Executed DbCommand (24ms) [Parameters=[@p0='?' (DbType = Guid), @p1='?' (DbType = DateTime), @p2='?' (DbType = DateTime), @p3='?' (DbType = Boolean), @p4='?', @p5='?' (DbType = DateTime), @p6='?', @p7='?' (DbType = Guid)], CommandType='"Text"', CommandTimeout='30']
INSERT INTO "RefreshTokens" ("Id", "CreatedAt", "ExpireAt", "IsRevoked", "ReplacedByToken", "RevokedAt", "TokenHash", "UserId")
VALUES (@p0, @p1, @p2, @p3, @p4, @p5, @p6, @p7);
2026-03-12 17:48:27.243 +05:00 [INF] User azamat@mail.com authenticated successfully
2026-03-12 17:48:32.815 +05:00 [INF] Executing OkObjectResult, writing value of type 'StudentCoursePlatform.Application.DTOs.Users.Responses.LoginResponseDto'.
2026-03-12 17:48:32.858 +05:00 [INF] Executed action StudentCoursePlatform.Api.Controllers.AuthController.LoginAsync (StudentCoursePlatform.Api) in 88224.6014ms
2026-03-12 17:48:32.859 +05:00 [INF] Executed endpoint 'StudentCoursePlatform.Api.Controllers.AuthController.LoginAsync (StudentCoursePlatform.Api)'
2026-03-12 17:48:32.867 +05:00 [INF] Request finished HTTP/2 POST https://localhost:7222/api/auth/login - 200 null application/json; charset=utf-8 88331.961ms
2026-03-12 17:49:04.062 +05:00 [INF] Request starting HTTP/2 GET https://localhost:7222/api/users?page=1&pageSize=10 - null null
2026-03-12 17:49:04.099 +05:00 [INF] Failed to validate the token.
Microsoft.IdentityModel.Tokens.SecurityTokenExpiredException: IDX10223: Lifetime validation failed. The token is expired. ValidTo (UTC): '3/12/2026 12:48:04 PM', Current time (UTC): '3/12/2026 12:49:04 PM'.
   at Microsoft.IdentityModel.Tokens.ValidatorUtilities.ValidateLifetime(Nullable`1 notBefore, Nullable`1 expires, SecurityToken securityToken, TokenValidationParameters validationParameters)
   at Microsoft.IdentityModel.Tokens.Validators.ValidateLifetime(Nullable`1 notBefore, Nullable`1 expires, SecurityToken securityToken, TokenValidationParameters validationParameters)
   at Microsoft.IdentityModel.JsonWebTokens.JsonWebTokenHandler.ValidateTokenPayloadAsync(JsonWebToken jsonWebToken, TokenValidationParameters validationParameters, BaseConfiguration configuration)
   at Microsoft.IdentityModel.JsonWebTokens.JsonWebTokenHandler.ValidateJWSAsync(JsonWebToken jsonWebToken, TokenValidationParameters validationParameters, BaseConfiguration configuration)
2026-03-12 17:49:04.115 +05:00 [INF] Bearer was not authenticated. Failure message: IDX10223: Lifetime validation failed. The token is expired. ValidTo (UTC): '3/12/2026 12:48:04 PM', Current time (UTC): '3/12/2026 12:49:04 PM'.
2026-03-12 17:49:04.121 +05:00 [INF] Authorization failed. These requirements were not met:
DenyAnonymousAuthorizationRequirement: Requires an authenticated user.
RolesAuthorizationRequirement:User.IsInRole must be true for one of the following roles: (Admin)
2026-03-12 17:49:04.127 +05:00 [INF] AuthenticationScheme: Bearer was challenged.
2026-03-12 17:49:04.128 +05:00 [INF] Request finished HTTP/2 GET https://localhost:7222/api/users?page=1&pageSize=10 - 401 0 null 66.6517ms
2026-03-12 17:49:28.467 +05:00 [INF] Request starting HTTP/2 DELETE https://localhost:7222/api/users - null null
2026-03-12 17:49:28.469 +05:00 [INF] CORS policy execution failed.
2026-03-12 17:49:28.470 +05:00 [INF] Request origin https://localhost:7222 does not have permission to access the resource.
2026-03-12 17:49:28.474 +05:00 [INF] Failed to validate the token.
Microsoft.IdentityModel.Tokens.SecurityTokenExpiredException: IDX10223: Lifetime validation failed. The token is expired. ValidTo (UTC): '3/12/2026 12:48:04 PM', Current time (UTC): '3/12/2026 12:49:28 PM'.
   at Microsoft.IdentityModel.Tokens.ValidatorUtilities.ValidateLifetime(Nullable`1 notBefore, Nullable`1 expires, SecurityToken securityToken, TokenValidationParameters validationParameters)
   at Microsoft.IdentityModel.Tokens.Validators.ValidateLifetime(Nullable`1 notBefore, Nullable`1 expires, SecurityToken securityToken, TokenValidationParameters validationParameters)
   at Microsoft.IdentityModel.JsonWebTokens.JsonWebTokenHandler.ValidateTokenPayloadAsync(JsonWebToken jsonWebToken, TokenValidationParameters validationParameters, BaseConfiguration configuration)
   at Microsoft.IdentityModel.JsonWebTokens.JsonWebTokenHandler.ValidateJWSAsync(JsonWebToken jsonWebToken, TokenValidationParameters validationParameters, BaseConfiguration configuration)
2026-03-12 17:49:28.476 +05:00 [INF] Bearer was not authenticated. Failure message: IDX10223: Lifetime validation failed. The token is expired. ValidTo (UTC): '3/12/2026 12:48:04 PM', Current time (UTC): '3/12/2026 12:49:28 PM'.
2026-03-12 17:49:28.477 +05:00 [INF] Authorization failed. These requirements were not met:
DenyAnonymousAuthorizationRequirement: Requires an authenticated user.
2026-03-12 17:49:28.478 +05:00 [INF] AuthenticationScheme: Bearer was challenged.
2026-03-12 17:49:28.479 +05:00 [INF] Request finished HTTP/2 DELETE https://localhost:7222/api/users - 401 0 null 12.6685ms
2026-03-12 17:49:57.233 +05:00 [INF] Request starting HTTP/2 POST https://localhost:7222/api/auth/login - application/json 76
2026-03-12 17:49:57.236 +05:00 [INF] CORS policy execution failed.
2026-03-12 17:49:57.236 +05:00 [INF] Request origin https://localhost:7222 does not have permission to access the resource.
2026-03-12 17:50:16.729 +05:00 [INF] User profile is available. Using 'C:\Users\diyor\AppData\Local\ASP.NET\DataProtection-Keys' as key repository and Windows DPAPI to encrypt keys at rest.
2026-03-12 17:50:17.089 +05:00 [INF] Now listening on: https://localhost:7222
2026-03-12 17:50:17.090 +05:00 [INF] Now listening on: http://localhost:5020
2026-03-12 17:50:17.158 +05:00 [INF] Application started. Press Ctrl+C to shut down.
2026-03-12 17:50:17.160 +05:00 [INF] Hosting environment: Development
2026-03-12 17:50:17.160 +05:00 [INF] Content root path: D:\@\Diyorbek\Coding\DotNet\UchinchiModul\StudentCoursePlatform\StudentCoursePlatform.Api
2026-03-12 17:50:17.975 +05:00 [INF] Request starting HTTP/2 GET https://localhost:7222/swagger/index.html - null null
2026-03-12 17:50:18.201 +05:00 [INF] Request finished HTTP/2 GET https://localhost:7222/swagger/index.html - 304 null null 231.4442ms
2026-03-12 17:50:18.219 +05:00 [INF] Request starting HTTP/2 GET https://localhost:7222/swagger/swagger-ui.css - null null
2026-03-12 17:50:18.221 +05:00 [INF] Request starting HTTP/2 GET https://localhost:7222/swagger/swagger-ui-bundle.js - null null
2026-03-12 17:50:18.220 +05:00 [INF] Request starting HTTP/2 GET https://localhost:7222/_framework/aspnetcore-browser-refresh.js - null null
2026-03-12 17:50:18.220 +05:00 [INF] Request starting HTTP/2 GET https://localhost:7222/swagger/index.css - null null
2026-03-12 17:50:18.220 +05:00 [INF] Request starting HTTP/2 GET https://localhost:7222/swagger/swagger-ui-standalone-preset.js - null null
2026-03-12 17:50:18.240 +05:00 [INF] Request starting HTTP/2 GET https://localhost:7222/_vs/browserLink - null null
2026-03-12 17:50:18.224 +05:00 [INF] Request starting HTTP/2 GET https://localhost:7222/swagger/index.js - null null
2026-03-12 17:50:18.291 +05:00 [INF] Request finished HTTP/2 GET https://localhost:7222/swagger/index.js - 304 null null 66.4305ms
2026-03-12 17:50:18.292 +05:00 [INF] Request finished HTTP/2 GET https://localhost:7222/_framework/aspnetcore-browser-refresh.js - 200 14955 application/javascript; charset=utf-8 72.2007ms
2026-03-12 17:50:18.296 +05:00 [INF] Request finished HTTP/2 GET https://localhost:7222/swagger/swagger-ui.css - 304 null null 77.7378ms
2026-03-12 17:50:18.296 +05:00 [INF] Request finished HTTP/2 GET https://localhost:7222/swagger/swagger-ui-bundle.js - 304 null null 75.8089ms
2026-03-12 17:50:18.296 +05:00 [INF] Request finished HTTP/2 GET https://localhost:7222/swagger/swagger-ui-standalone-preset.js - 304 null null 76.2979ms
2026-03-12 17:50:18.296 +05:00 [INF] Request finished HTTP/2 GET https://localhost:7222/swagger/index.css - 304 null null 76.3784ms
2026-03-12 17:50:18.327 +05:00 [INF] Request finished HTTP/2 GET https://localhost:7222/_vs/browserLink - 200 null text/javascript; charset=UTF-8 86.6613ms
2026-03-12 17:50:18.375 +05:00 [INF] Request starting HTTP/2 GET https://localhost:7222/swagger/v1/swagger.json - null null
2026-03-12 17:50:18.512 +05:00 [INF] Request finished HTTP/2 GET https://localhost:7222/swagger/v1/swagger.json - 200 null application/json;charset=utf-8 137.6401ms
2026-03-12 17:50:18.517 +05:00 [INF] Executed DbCommand (71ms) [Parameters=[@cutoffDate='?' (DbType = DateTime)], CommandType='"Text"', CommandTimeout='30']
DELETE FROM "RefreshTokens" AS r
WHERE r."ExpireAt" < @cutoffDate AND r."IsRevoked"
2026-03-12 17:51:03.566 +05:00 [INF] Request starting HTTP/2 POST https://localhost:7222/api/auth/login - application/json 76
2026-03-12 17:51:03.574 +05:00 [INF] CORS policy execution failed.
2026-03-12 17:51:03.574 +05:00 [INF] Request origin https://localhost:7222 does not have permission to access the resource.
2026-03-12 17:51:03.627 +05:00 [INF] Executing endpoint 'StudentCoursePlatform.Api.Controllers.AuthController.LoginAsync (StudentCoursePlatform.Api)'
2026-03-12 17:51:03.647 +05:00 [INF] Route matched with {action = "Login", controller = "Auth"}. Executing controller action with signature System.Threading.Tasks.Task`1[Microsoft.AspNetCore.Mvc.IActionResult] LoginAsync(StudentCoursePlatform.Application.DTOs.Users.Requests.UserLoginDto) on controller StudentCoursePlatform.Api.Controllers.AuthController (StudentCoursePlatform.Api).
2026-03-12 17:51:03.705 +05:00 [INF] Authenticating user azamat@mail.com
2026-03-12 17:51:03.841 +05:00 [INF] Executed DbCommand (9ms) [Parameters=[@email='?'], CommandType='"Text"', CommandTimeout='30']
SELECT u."Id", u."CreatedAt", u."Email", u."FullName", u."PasswordHash", u."Role"
FROM "Users" AS u
WHERE u."Email" = @email
LIMIT 1
2026-03-12 17:51:04.111 +05:00 [INF] Executed DbCommand (5ms) [Parameters=[@p0='?' (DbType = Guid), @p1='?' (DbType = DateTime), @p2='?' (DbType = DateTime), @p3='?' (DbType = Boolean), @p4='?', @p5='?' (DbType = DateTime), @p6='?', @p7='?' (DbType = Guid)], CommandType='"Text"', CommandTimeout='30']
INSERT INTO "RefreshTokens" ("Id", "CreatedAt", "ExpireAt", "IsRevoked", "ReplacedByToken", "RevokedAt", "TokenHash", "UserId")
VALUES (@p0, @p1, @p2, @p3, @p4, @p5, @p6, @p7);
2026-03-12 17:51:04.123 +05:00 [INF] User azamat@mail.com authenticated successfully
2026-03-12 17:51:04.131 +05:00 [INF] Executing OkObjectResult, writing value of type 'StudentCoursePlatform.Application.DTOs.Users.Responses.LoginResponseDto'.
2026-03-12 17:51:04.149 +05:00 [INF] Executed action StudentCoursePlatform.Api.Controllers.AuthController.LoginAsync (StudentCoursePlatform.Api) in 497.4578ms
2026-03-12 17:51:04.151 +05:00 [INF] Executed endpoint 'StudentCoursePlatform.Api.Controllers.AuthController.LoginAsync (StudentCoursePlatform.Api)'
2026-03-12 17:51:04.158 +05:00 [INF] Request finished HTTP/2 POST https://localhost:7222/api/auth/login - 200 null application/json; charset=utf-8 592.1905ms
2026-03-12 17:51:31.008 +05:00 [INF] Request starting HTTP/2 GET https://localhost:7222/api/users?page=1&pageSize=10 - null null
2026-03-12 17:51:31.048 +05:00 [INF] Failed to validate the token.
Microsoft.IdentityModel.Tokens.SecurityTokenExpiredException: IDX10223: Lifetime validation failed. The token is expired. ValidTo (UTC): '3/12/2026 12:51:03 PM', Current time (UTC): '3/12/2026 12:51:31 PM'.
   at Microsoft.IdentityModel.Tokens.ValidatorUtilities.ValidateLifetime(Nullable`1 notBefore, Nullable`1 expires, SecurityToken securityToken, TokenValidationParameters validationParameters)
   at Microsoft.IdentityModel.Tokens.Validators.ValidateLifetime(Nullable`1 notBefore, Nullable`1 expires, SecurityToken securityToken, TokenValidationParameters validationParameters)
   at Microsoft.IdentityModel.JsonWebTokens.JsonWebTokenHandler.ValidateTokenPayloadAsync(JsonWebToken jsonWebToken, TokenValidationParameters validationParameters, BaseConfiguration configuration)
   at Microsoft.IdentityModel.JsonWebTokens.JsonWebTokenHandler.ValidateJWSAsync(JsonWebToken jsonWebToken, TokenValidationParameters validationParameters, BaseConfiguration configuration)
2026-03-12 17:51:31.060 +05:00 [INF] Bearer was not authenticated. Failure message: IDX10223: Lifetime validation failed. The token is expired. ValidTo (UTC): '3/12/2026 12:51:03 PM', Current time (UTC): '3/12/2026 12:51:31 PM'.
2026-03-12 17:51:31.067 +05:00 [INF] Authorization failed. These requirements were not met:
DenyAnonymousAuthorizationRequirement: Requires an authenticated user.
RolesAuthorizationRequirement:User.IsInRole must be true for one of the following roles: (Admin)
2026-03-12 17:51:31.075 +05:00 [INF] AuthenticationScheme: Bearer was challenged.
2026-03-12 17:51:31.076 +05:00 [INF] Request finished HTTP/2 GET https://localhost:7222/api/users?page=1&pageSize=10 - 401 0 null 68.0321ms
2026-03-12 17:52:07.402 +05:00 [INF] User profile is available. Using 'C:\Users\diyor\AppData\Local\ASP.NET\DataProtection-Keys' as key repository and Windows DPAPI to encrypt keys at rest.
2026-03-12 17:52:07.833 +05:00 [INF] Now listening on: https://localhost:7222
2026-03-12 17:52:07.835 +05:00 [INF] Now listening on: http://localhost:5020
2026-03-12 17:52:07.913 +05:00 [INF] Application started. Press Ctrl+C to shut down.
2026-03-12 17:52:07.913 +05:00 [INF] Hosting environment: Development
2026-03-12 17:52:07.914 +05:00 [INF] Content root path: D:\@\Diyorbek\Coding\DotNet\UchinchiModul\StudentCoursePlatform\StudentCoursePlatform.Api
2026-03-12 17:52:08.105 +05:00 [INF] Request starting HTTP/2 GET https://localhost:7222/swagger/index.html - null null
2026-03-12 17:52:08.327 +05:00 [INF] Request finished HTTP/2 GET https://localhost:7222/swagger/index.html - 304 null null 228.7348ms
2026-03-12 17:52:08.350 +05:00 [INF] Request starting HTTP/2 GET https://localhost:7222/_framework/aspnetcore-browser-refresh.js - null null
2026-03-12 17:52:08.351 +05:00 [INF] Request starting HTTP/2 GET https://localhost:7222/swagger/index.js - null null
2026-03-12 17:52:08.350 +05:00 [INF] Request starting HTTP/2 GET https://localhost:7222/swagger/swagger-ui-bundle.js - null null
2026-03-12 17:52:08.391 +05:00 [INF] Request finished HTTP/2 GET https://localhost:7222/swagger/index.js - 304 null null 39.8796ms
2026-03-12 17:52:08.350 +05:00 [INF] Request starting HTTP/2 GET https://localhost:7222/swagger/swagger-ui-standalone-preset.js - null null
2026-03-12 17:52:08.350 +05:00 [INF] Request starting HTTP/2 GET https://localhost:7222/swagger/index.css - null null
2026-03-12 17:52:08.350 +05:00 [INF] Request starting HTTP/2 GET https://localhost:7222/swagger/swagger-ui.css - null null
2026-03-12 17:52:08.407 +05:00 [INF] Request finished HTTP/2 GET https://localhost:7222/_framework/aspnetcore-browser-refresh.js - 200 14955 application/javascript; charset=utf-8 57.2651ms
2026-03-12 17:52:08.390 +05:00 [INF] Request starting HTTP/2 GET https://localhost:7222/_vs/browserLink - null null
2026-03-12 17:52:08.432 +05:00 [INF] Request finished HTTP/2 GET https://localhost:7222/swagger/swagger-ui-standalone-preset.js - 304 null null 81.871ms
2026-03-12 17:52:08.432 +05:00 [INF] Request finished HTTP/2 GET https://localhost:7222/swagger/swagger-ui-bundle.js - 304 null null 81.8695ms
2026-03-12 17:52:08.432 +05:00 [INF] Request finished HTTP/2 GET https://localhost:7222/swagger/index.css - 304 null null 81.8688ms
2026-03-12 17:52:08.432 +05:00 [INF] Request finished HTTP/2 GET https://localhost:7222/swagger/swagger-ui.css - 304 null null 81.9105ms
2026-03-12 17:52:08.484 +05:00 [INF] Request finished HTTP/2 GET https://localhost:7222/_vs/browserLink - 200 null text/javascript; charset=UTF-8 93.8471ms
2026-03-12 17:52:08.516 +05:00 [INF] Request starting HTTP/2 GET https://localhost:7222/swagger/v1/swagger.json - null null
2026-03-12 17:52:08.641 +05:00 [INF] Request finished HTTP/2 GET https://localhost:7222/swagger/v1/swagger.json - 200 null application/json;charset=utf-8 124.4233ms
2026-03-12 17:52:09.162 +05:00 [INF] Executed DbCommand (60ms) [Parameters=[@cutoffDate='?' (DbType = DateTime)], CommandType='"Text"', CommandTimeout='30']
DELETE FROM "RefreshTokens" AS r
WHERE r."ExpireAt" < @cutoffDate AND r."IsRevoked"
2026-03-12 17:52:52.279 +05:00 [INF] Request starting HTTP/2 POST https://localhost:7222/api/auth/login - application/json 76
2026-03-12 17:52:52.286 +05:00 [INF] CORS policy execution failed.
2026-03-12 17:52:52.288 +05:00 [INF] Request origin https://localhost:7222 does not have permission to access the resource.
2026-03-12 17:52:52.336 +05:00 [INF] Executing endpoint 'StudentCoursePlatform.Api.Controllers.AuthController.LoginAsync (StudentCoursePlatform.Api)'
2026-03-12 17:52:52.355 +05:00 [INF] Route matched with {action = "Login", controller = "Auth"}. Executing controller action with signature System.Threading.Tasks.Task`1[Microsoft.AspNetCore.Mvc.IActionResult] LoginAsync(StudentCoursePlatform.Application.DTOs.Users.Requests.UserLoginDto) on controller StudentCoursePlatform.Api.Controllers.AuthController (StudentCoursePlatform.Api).
2026-03-12 17:53:06.970 +05:00 [INF] Authenticating user azamat@mail.com
2026-03-12 17:53:23.910 +05:00 [INF] Executed DbCommand (10ms) [Parameters=[@email='?'], CommandType='"Text"', CommandTimeout='30']
SELECT u."Id", u."CreatedAt", u."Email", u."FullName", u."PasswordHash", u."Role"
FROM "Users" AS u
WHERE u."Email" = @email
LIMIT 1
2026-03-12 17:54:38.745 +05:00 [INF] Executed DbCommand (5ms) [Parameters=[@p0='?' (DbType = Guid), @p1='?' (DbType = DateTime), @p2='?' (DbType = DateTime), @p3='?' (DbType = Boolean), @p4='?', @p5='?' (DbType = DateTime), @p6='?', @p7='?' (DbType = Guid)], CommandType='"Text"', CommandTimeout='30']
INSERT INTO "RefreshTokens" ("Id", "CreatedAt", "ExpireAt", "IsRevoked", "ReplacedByToken", "RevokedAt", "TokenHash", "UserId")
VALUES (@p0, @p1, @p2, @p3, @p4, @p5, @p6, @p7);
2026-03-12 17:54:52.722 +05:00 [INF] User azamat@mail.com authenticated successfully
2026-03-12 17:55:03.297 +05:00 [INF] Executing OkObjectResult, writing value of type 'StudentCoursePlatform.Application.DTOs.Users.Responses.LoginResponseDto'.
2026-03-12 17:55:03.336 +05:00 [INF] Executed action StudentCoursePlatform.Api.Controllers.AuthController.LoginAsync (StudentCoursePlatform.Api) in 130976.4583ms
2026-03-12 17:55:03.337 +05:00 [INF] Executed endpoint 'StudentCoursePlatform.Api.Controllers.AuthController.LoginAsync (StudentCoursePlatform.Api)'
2026-03-12 17:55:03.347 +05:00 [INF] Request finished HTTP/2 POST https://localhost:7222/api/auth/login - 200 null application/json; charset=utf-8 131068.1727ms
2026-03-12 17:55:42.318 +05:00 [INF] Request starting HTTP/2 GET https://localhost:7222/api/users?page=1&pageSize=10 - null null
2026-03-12 17:55:42.353 +05:00 [INF] Failed to validate the token.
Microsoft.IdentityModel.Tokens.SecurityTokenExpiredException: IDX10223: Lifetime validation failed. The token is expired. ValidTo (UTC): '3/12/2026 12:54:10 PM', Current time (UTC): '3/12/2026 12:55:42 PM'.
   at Microsoft.IdentityModel.Tokens.ValidatorUtilities.ValidateLifetime(Nullable`1 notBefore, Nullable`1 expires, SecurityToken securityToken, TokenValidationParameters validationParameters)
   at Microsoft.IdentityModel.Tokens.Validators.ValidateLifetime(Nullable`1 notBefore, Nullable`1 expires, SecurityToken securityToken, TokenValidationParameters validationParameters)
   at Microsoft.IdentityModel.JsonWebTokens.JsonWebTokenHandler.ValidateTokenPayloadAsync(JsonWebToken jsonWebToken, TokenValidationParameters validationParameters, BaseConfiguration configuration)
   at Microsoft.IdentityModel.JsonWebTokens.JsonWebTokenHandler.ValidateJWSAsync(JsonWebToken jsonWebToken, TokenValidationParameters validationParameters, BaseConfiguration configuration)
2026-03-12 17:55:42.366 +05:00 [INF] Bearer was not authenticated. Failure message: IDX10223: Lifetime validation failed. The token is expired. ValidTo (UTC): '3/12/2026 12:54:10 PM', Current time (UTC): '3/12/2026 12:55:42 PM'.
2026-03-12 17:55:42.373 +05:00 [INF] Authorization failed. These requirements were not met:
DenyAnonymousAuthorizationRequirement: Requires an authenticated user.
RolesAuthorizationRequirement:User.IsInRole must be true for one of the following roles: (Admin)
2026-03-12 17:55:42.378 +05:00 [INF] AuthenticationScheme: Bearer was challenged.
2026-03-12 17:55:42.379 +05:00 [INF] Request finished HTTP/2 GET https://localhost:7222/api/users?page=1&pageSize=10 - 401 0 null 63.7129ms
2026-03-12 17:55:51.065 +05:00 [INF] Request starting HTTP/2 GET https://localhost:7222/api/users?page=1&pageSize=10 - null null
2026-03-12 17:56:05.802 +05:00 [INF] Failed to validate the token.
Microsoft.IdentityModel.Tokens.SecurityTokenExpiredException: IDX10223: Lifetime validation failed. The token is expired. ValidTo (UTC): '3/12/2026 12:54:10 PM', Current time (UTC): '3/12/2026 12:56:05 PM'.
   at Microsoft.IdentityModel.Tokens.ValidatorUtilities.ValidateLifetime(Nullable`1 notBefore, Nullable`1 expires, SecurityToken securityToken, TokenValidationParameters validationParameters)
   at Microsoft.IdentityModel.Tokens.Validators.ValidateLifetime(Nullable`1 notBefore, Nullable`1 expires, SecurityToken securityToken, TokenValidationParameters validationParameters)
   at Microsoft.IdentityModel.JsonWebTokens.JsonWebTokenHandler.ValidateTokenPayloadAsync(JsonWebToken jsonWebToken, TokenValidationParameters validationParameters, BaseConfiguration configuration)
   at Microsoft.IdentityModel.JsonWebTokens.JsonWebTokenHandler.ValidateJWSAsync(JsonWebToken jsonWebToken, TokenValidationParameters validationParameters, BaseConfiguration configuration)
2026-03-12 17:56:05.804 +05:00 [INF] Bearer was not authenticated. Failure message: IDX10223: Lifetime validation failed. The token is expired. ValidTo (UTC): '3/12/2026 12:54:10 PM', Current time (UTC): '3/12/2026 12:56:05 PM'.
2026-03-12 17:56:05.805 +05:00 [INF] Authorization failed. These requirements were not met:
DenyAnonymousAuthorizationRequirement: Requires an authenticated user.
RolesAuthorizationRequirement:User.IsInRole must be true for one of the following roles: (Admin)
2026-03-12 17:56:05.806 +05:00 [INF] AuthenticationScheme: Bearer was challenged.
2026-03-12 17:56:07.781 +05:00 [INF] Request finished HTTP/2 GET https://localhost:7222/api/users?page=1&pageSize=10 - 401 0 null 16715.7712ms
